<?xml version="1.0" encoding="UTF-8" ?>
<testsuite tests="6" failures="0" name="service.CashierTest" time="0.013" errors="0" skipped="0">
  <properties>
[...]
</properties>
  <testcase classname="service.CashierTest" name="service.CashierTest.test001" time="0.013"/>
  <testcase classname="service.CashierTest" name="service.CashierTest.test002" time="0"/>
  <testcase classname="service.CashierTest" name="service.CashierTest.test99" time="0"/>
  <testcase classname="service.CashierTest" name="service.CashierTest.test100" time="0"/>
  <testcase classname="service.CashierTest" name="service.CashierTest.test101" time="0"/>
  <testcase classname="service.CashierTest" name="service.CashierTest.testFail" time="0"/>
</testsuite>